[2025-04-12 15:02:14] production.ERROR: Uncaught InvalidArgumentException: Please provide a valid cache path. in E:\xampp\htdocs\Projet Personnel\IFRI\HACKATON\backend\vendor\laravel\framework\src\Illuminate\View\Compilers\Compiler.php:66
Stack trace:
#0 E:\xampp\htdocs\Projet Personnel\IFRI\HACKATON\backend\vendor\laravel\framework\src\Illuminate\View\ViewServiceProvider.php(97): Illuminate\View\Compilers\Compiler->__construct(Object(Illuminate\Filesystem\Filesystem), false, '', true, 'php')
#1 E:\xampp\htdocs\Projet Personnel\IFRI\HACKATON\backend\vendor\laravel\framework\src\Illuminate\Container\Container.php(1010): Illuminate\View\ViewServiceProvider->Illuminate\View\{closure}(Object(Illuminate\Foundation\Application), Array)
#2 E:\xampp\htdocs\Projet Personnel\IFRI\HACKATON\backend\vendor\laravel\framework\src\Illuminate\Container\Container.php(890): Illuminate\Container\Container->build(Object(Closure))
#3 E:\xampp\htdocs\Projet Personnel\IFRI\HACKATON\backend\vendor\laravel\framework\src\Illuminate\Foundation\Application.php(1077): Illuminate\Container\Container->resolve('blade.compiler', Array, true)
#4 E:\xampp\htdocs\Projet Personnel\IFRI\HACKATON\backend\vendor\laravel\framework\src\Illuminate\Container\Container.php(821): Illuminate\Foundation\Application->resolve('blade.compiler', Array)
#5 E:\xampp\htdocs\Projet Personnel\IFRI\HACKATON\backend\vendor\laravel\framework\src\Illuminate\Foundation\Application.php(1057): Illuminate\Container\Container->make('blade.compiler', Array)
#6 E:\xampp\htdocs\Projet Personnel\IFRI\HACKATON\backend\vendor\laravel\framework\src\Illuminate\Foundation\helpers.php(124): Illuminate\Foundation\Application->make('blade.compiler', Array)
#7 Command line code(1): app('Illuminate\\View...')
#8 {main}
  thrown {"exception":"[object] (Symfony\\Component\\ErrorHandler\\Error\\FatalError(code: 0): Uncaught InvalidArgumentException: Please provide a valid cache path. in E:\\xampp\\htdocs\\Projet Personnel\\IFRI\\HACKATON\\backend\\vendor\\laravel\\framework\\src\\Illuminate\\View\\Compilers\\Compiler.php:66
Stack trace:
#0 E:\\xampp\\htdocs\\Projet Personnel\\IFRI\\HACKATON\\backend\\vendor\\laravel\\framework\\src\\Illuminate\\View\\ViewServiceProvider.php(97): Illuminate\\View\\Compilers\\Compiler->__construct(Object(Illuminate\\Filesystem\\Filesystem), false, '', true, 'php')
#1 E:\\xampp\\htdocs\\Projet Personnel\\IFRI\\HACKATON\\backend\\vendor\\laravel\\framework\\src\\Illuminate\\Container\\Container.php(1010): Illuminate\\View\\ViewServiceProvider->Illuminate\\View\\{closure}(Object(Illuminate\\Foundation\\Application), Array)
#2 E:\\xampp\\htdocs\\Projet Personnel\\IFRI\\HACKATON\\backend\\vendor\\laravel\\framework\\src\\Illuminate\\Container\\Container.php(890): Illuminate\\Container\\Container->build(Object(Closure))
#3 E:\\xampp\\htdocs\\Projet Personnel\\IFRI\\HACKATON\\backend\\vendor\\laravel\\framework\\src\\Illuminate\\Foundation\\Application.php(1077): Illuminate\\Container\\Container->resolve('blade.compiler', Array, true)
#4 E:\\xampp\\htdocs\\Projet Personnel\\IFRI\\HACKATON\\backend\\vendor\\laravel\\framework\\src\\Illuminate\\Container\\Container.php(821): Illuminate\\Foundation\\Application->resolve('blade.compiler', Array)
#5 E:\\xampp\\htdocs\\Projet Personnel\\IFRI\\HACKATON\\backend\\vendor\\laravel\\framework\\src\\Illuminate\\Foundation\\Application.php(1057): Illuminate\\Container\\Container->make('blade.compiler', Array)
#6 E:\\xampp\\htdocs\\Projet Personnel\\IFRI\\HACKATON\\backend\\vendor\\laravel\\framework\\src\\Illuminate\\Foundation\\helpers.php(124): Illuminate\\Foundation\\Application->make('blade.compiler', Array)
#7 Command line code(1): app('Illuminate\\\\View...')
#8 {main}
  thrown at E:\\xampp\\htdocs\\Projet Personnel\\IFRI\\HACKATON\\backend\\vendor\\laravel\\framework\\src\\Illuminate\\View\\Compilers\\Compiler.php:66)
[stacktrace]
#0 {main}
"} 
[2025-04-12 15:12:03] production.ERROR: Uncaught InvalidArgumentException: Please provide a valid cache path. in E:\xampp\htdocs\Projet Personnel\IFRI\HACKATON\backend\vendor\laravel\framework\src\Illuminate\View\Compilers\Compiler.php:66
Stack trace:
#0 E:\xampp\htdocs\Projet Personnel\IFRI\HACKATON\backend\vendor\laravel\framework\src\Illuminate\View\ViewServiceProvider.php(97): Illuminate\View\Compilers\Compiler->__construct(Object(Illuminate\Filesystem\Filesystem), false, '', true, 'php')
#1 E:\xampp\htdocs\Projet Personnel\IFRI\HACKATON\backend\vendor\laravel\framework\src\Illuminate\Container\Container.php(1010): Illuminate\View\ViewServiceProvider->Illuminate\View\{closure}(Object(Illuminate\Foundation\Application), Array)
#2 E:\xampp\htdocs\Projet Personnel\IFRI\HACKATON\backend\vendor\laravel\framework\src\Illuminate\Container\Container.php(890): Illuminate\Container\Container->build(Object(Closure))
#3 E:\xampp\htdocs\Projet Personnel\IFRI\HACKATON\backend\vendor\laravel\framework\src\Illuminate\Foundation\Application.php(1077): Illuminate\Container\Container->resolve('blade.compiler', Array, true)
#4 E:\xampp\htdocs\Projet Personnel\IFRI\HACKATON\backend\vendor\laravel\framework\src\Illuminate\Container\Container.php(821): Illuminate\Foundation\Application->resolve('blade.compiler', Array)
#5 E:\xampp\htdocs\Projet Personnel\IFRI\HACKATON\backend\vendor\laravel\framework\src\Illuminate\Foundation\Application.php(1057): Illuminate\Container\Container->make('blade.compiler', Array)
#6 E:\xampp\htdocs\Projet Personnel\IFRI\HACKATON\backend\vendor\laravel\framework\src\Illuminate\Foundation\helpers.php(124): Illuminate\Foundation\Application->make('blade.compiler', Array)
#7 Command line code(1): app('Illuminate\\View...')
#8 {main}
  thrown {"exception":"[object] (Symfony\\Component\\ErrorHandler\\Error\\FatalError(code: 0): Uncaught InvalidArgumentException: Please provide a valid cache path. in E:\\xampp\\htdocs\\Projet Personnel\\IFRI\\HACKATON\\backend\\vendor\\laravel\\framework\\src\\Illuminate\\View\\Compilers\\Compiler.php:66
Stack trace:
#0 E:\\xampp\\htdocs\\Projet Personnel\\IFRI\\HACKATON\\backend\\vendor\\laravel\\framework\\src\\Illuminate\\View\\ViewServiceProvider.php(97): Illuminate\\View\\Compilers\\Compiler->__construct(Object(Illuminate\\Filesystem\\Filesystem), false, '', true, 'php')
#1 E:\\xampp\\htdocs\\Projet Personnel\\IFRI\\HACKATON\\backend\\vendor\\laravel\\framework\\src\\Illuminate\\Container\\Container.php(1010): Illuminate\\View\\ViewServiceProvider->Illuminate\\View\\{closure}(Object(Illuminate\\Foundation\\Application), Array)
#2 E:\\xampp\\htdocs\\Projet Personnel\\IFRI\\HACKATON\\backend\\vendor\\laravel\\framework\\src\\Illuminate\\Container\\Container.php(890): Illuminate\\Container\\Container->build(Object(Closure))
#3 E:\\xampp\\htdocs\\Projet Personnel\\IFRI\\HACKATON\\backend\\vendor\\laravel\\framework\\src\\Illuminate\\Foundation\\Application.php(1077): Illuminate\\Container\\Container->resolve('blade.compiler', Array, true)
#4 E:\\xampp\\htdocs\\Projet Personnel\\IFRI\\HACKATON\\backend\\vendor\\laravel\\framework\\src\\Illuminate\\Container\\Container.php(821): Illuminate\\Foundation\\Application->resolve('blade.compiler', Array)
#5 E:\\xampp\\htdocs\\Projet Personnel\\IFRI\\HACKATON\\backend\\vendor\\laravel\\framework\\src\\Illuminate\\Foundation\\Application.php(1057): Illuminate\\Container\\Container->make('blade.compiler', Array)
#6 E:\\xampp\\htdocs\\Projet Personnel\\IFRI\\HACKATON\\backend\\vendor\\laravel\\framework\\src\\Illuminate\\Foundation\\helpers.php(124): Illuminate\\Foundation\\Application->make('blade.compiler', Array)
#7 Command line code(1): app('Illuminate\\\\View...')
#8 {main}
  thrown at E:\\xampp\\htdocs\\Projet Personnel\\IFRI\\HACKATON\\backend\\vendor\\laravel\\framework\\src\\Illuminate\\View\\Compilers\\Compiler.php:66)
[stacktrace]
#0 {main}
"} 
[2025-04-12 15:22:04] production.ERROR: Uncaught InvalidArgumentException: Please provide a valid cache path. in E:\xampp\htdocs\Projet Personnel\IFRI\HACKATON\backend\vendor\laravel\framework\src\Illuminate\View\Compilers\Compiler.php:66
Stack trace:
#0 E:\xampp\htdocs\Projet Personnel\IFRI\HACKATON\backend\vendor\laravel\framework\src\Illuminate\View\ViewServiceProvider.php(97): Illuminate\View\Compilers\Compiler->__construct(Object(Illuminate\Filesystem\Filesystem), false, '', true, 'php')
#1 E:\xampp\htdocs\Projet Personnel\IFRI\HACKATON\backend\vendor\laravel\framework\src\Illuminate\Container\Container.php(1010): Illuminate\View\ViewServiceProvider->Illuminate\View\{closure}(Object(Illuminate\Foundation\Application), Array)
#2 E:\xampp\htdocs\Projet Personnel\IFRI\HACKATON\backend\vendor\laravel\framework\src\Illuminate\Container\Container.php(890): Illuminate\Container\Container->build(Object(Closure))
#3 E:\xampp\htdocs\Projet Personnel\IFRI\HACKATON\backend\vendor\laravel\framework\src\Illuminate\Foundation\Application.php(1077): Illuminate\Container\Container->resolve('blade.compiler', Array, true)
#4 E:\xampp\htdocs\Projet Personnel\IFRI\HACKATON\backend\vendor\laravel\framework\src\Illuminate\Container\Container.php(821): Illuminate\Foundation\Application->resolve('blade.compiler', Array)
#5 E:\xampp\htdocs\Projet Personnel\IFRI\HACKATON\backend\vendor\laravel\framework\src\Illuminate\Foundation\Application.php(1057): Illuminate\Container\Container->make('blade.compiler', Array)
#6 E:\xampp\htdocs\Projet Personnel\IFRI\HACKATON\backend\vendor\laravel\framework\src\Illuminate\Foundation\helpers.php(124): Illuminate\Foundation\Application->make('blade.compiler', Array)
#7 Command line code(1): app('Illuminate\\View...')
#8 {main}
  thrown {"exception":"[object] (Symfony\\Component\\ErrorHandler\\Error\\FatalError(code: 0): Uncaught InvalidArgumentException: Please provide a valid cache path. in E:\\xampp\\htdocs\\Projet Personnel\\IFRI\\HACKATON\\backend\\vendor\\laravel\\framework\\src\\Illuminate\\View\\Compilers\\Compiler.php:66
Stack trace:
#0 E:\\xampp\\htdocs\\Projet Personnel\\IFRI\\HACKATON\\backend\\vendor\\laravel\\framework\\src\\Illuminate\\View\\ViewServiceProvider.php(97): Illuminate\\View\\Compilers\\Compiler->__construct(Object(Illuminate\\Filesystem\\Filesystem), false, '', true, 'php')
#1 E:\\xampp\\htdocs\\Projet Personnel\\IFRI\\HACKATON\\backend\\vendor\\laravel\\framework\\src\\Illuminate\\Container\\Container.php(1010): Illuminate\\View\\ViewServiceProvider->Illuminate\\View\\{closure}(Object(Illuminate\\Foundation\\Application), Array)
#2 E:\\xampp\\htdocs\\Projet Personnel\\IFRI\\HACKATON\\backend\\vendor\\laravel\\framework\\src\\Illuminate\\Container\\Container.php(890): Illuminate\\Container\\Container->build(Object(Closure))
#3 E:\\xampp\\htdocs\\Projet Personnel\\IFRI\\HACKATON\\backend\\vendor\\laravel\\framework\\src\\Illuminate\\Foundation\\Application.php(1077): Illuminate\\Container\\Container->resolve('blade.compiler', Array, true)
#4 E:\\xampp\\htdocs\\Projet Personnel\\IFRI\\HACKATON\\backend\\vendor\\laravel\\framework\\src\\Illuminate\\Container\\Container.php(821): Illuminate\\Foundation\\Application->resolve('blade.compiler', Array)
#5 E:\\xampp\\htdocs\\Projet Personnel\\IFRI\\HACKATON\\backend\\vendor\\laravel\\framework\\src\\Illuminate\\Foundation\\Application.php(1057): Illuminate\\Container\\Container->make('blade.compiler', Array)
#6 E:\\xampp\\htdocs\\Projet Personnel\\IFRI\\HACKATON\\backend\\vendor\\laravel\\framework\\src\\Illuminate\\Foundation\\helpers.php(124): Illuminate\\Foundation\\Application->make('blade.compiler', Array)
#7 Command line code(1): app('Illuminate\\\\View...')
#8 {main}
  thrown at E:\\xampp\\htdocs\\Projet Personnel\\IFRI\\HACKATON\\backend\\vendor\\laravel\\framework\\src\\Illuminate\\View\\Compilers\\Compiler.php:66)
[stacktrace]
#0 {main}
"} 
[2025-04-12 15:53:49] production.ERROR: Uncaught InvalidArgumentException: Please provide a valid cache path. in E:\xampp\htdocs\Projet Personnel\IFRI\HACKATON\backend\vendor\laravel\framework\src\Illuminate\View\Compilers\Compiler.php:66
Stack trace:
#0 E:\xampp\htdocs\Projet Personnel\IFRI\HACKATON\backend\vendor\laravel\framework\src\Illuminate\View\ViewServiceProvider.php(97): Illuminate\View\Compilers\Compiler->__construct(Object(Illuminate\Filesystem\Filesystem), false, '', true, 'php')
#1 E:\xampp\htdocs\Projet Personnel\IFRI\HACKATON\backend\vendor\laravel\framework\src\Illuminate\Container\Container.php(1010): Illuminate\View\ViewServiceProvider->Illuminate\View\{closure}(Object(Illuminate\Foundation\Application), Array)
#2 E:\xampp\htdocs\Projet Personnel\IFRI\HACKATON\backend\vendor\laravel\framework\src\Illuminate\Container\Container.php(890): Illuminate\Container\Container->build(Object(Closure))
#3 E:\xampp\htdocs\Projet Personnel\IFRI\HACKATON\backend\vendor\laravel\framework\src\Illuminate\Foundation\Application.php(1077): Illuminate\Container\Container->resolve('blade.compiler', Array, true)
#4 E:\xampp\htdocs\Projet Personnel\IFRI\HACKATON\backend\vendor\laravel\framework\src\Illuminate\Container\Container.php(821): Illuminate\Foundation\Application->resolve('blade.compiler', Array)
#5 E:\xampp\htdocs\Projet Personnel\IFRI\HACKATON\backend\vendor\laravel\framework\src\Illuminate\Foundation\Application.php(1057): Illuminate\Container\Container->make('blade.compiler', Array)
#6 E:\xampp\htdocs\Projet Personnel\IFRI\HACKATON\backend\vendor\laravel\framework\src\Illuminate\Foundation\helpers.php(124): Illuminate\Foundation\Application->make('blade.compiler', Array)
#7 Command line code(1): app('Illuminate\\View...')
#8 {main}
  thrown {"exception":"[object] (Symfony\\Component\\ErrorHandler\\Error\\FatalError(code: 0): Uncaught InvalidArgumentException: Please provide a valid cache path. in E:\\xampp\\htdocs\\Projet Personnel\\IFRI\\HACKATON\\backend\\vendor\\laravel\\framework\\src\\Illuminate\\View\\Compilers\\Compiler.php:66
Stack trace:
#0 E:\\xampp\\htdocs\\Projet Personnel\\IFRI\\HACKATON\\backend\\vendor\\laravel\\framework\\src\\Illuminate\\View\\ViewServiceProvider.php(97): Illuminate\\View\\Compilers\\Compiler->__construct(Object(Illuminate\\Filesystem\\Filesystem), false, '', true, 'php')
#1 E:\\xampp\\htdocs\\Projet Personnel\\IFRI\\HACKATON\\backend\\vendor\\laravel\\framework\\src\\Illuminate\\Container\\Container.php(1010): Illuminate\\View\\ViewServiceProvider->Illuminate\\View\\{closure}(Object(Illuminate\\Foundation\\Application), Array)
#2 E:\\xampp\\htdocs\\Projet Personnel\\IFRI\\HACKATON\\backend\\vendor\\laravel\\framework\\src\\Illuminate\\Container\\Container.php(890): Illuminate\\Container\\Container->build(Object(Closure))
#3 E:\\xampp\\htdocs\\Projet Personnel\\IFRI\\HACKATON\\backend\\vendor\\laravel\\framework\\src\\Illuminate\\Foundation\\Application.php(1077): Illuminate\\Container\\Container->resolve('blade.compiler', Array, true)
#4 E:\\xampp\\htdocs\\Projet Personnel\\IFRI\\HACKATON\\backend\\vendor\\laravel\\framework\\src\\Illuminate\\Container\\Container.php(821): Illuminate\\Foundation\\Application->resolve('blade.compiler', Array)
#5 E:\\xampp\\htdocs\\Projet Personnel\\IFRI\\HACKATON\\backend\\vendor\\laravel\\framework\\src\\Illuminate\\Foundation\\Application.php(1057): Illuminate\\Container\\Container->make('blade.compiler', Array)
#6 E:\\xampp\\htdocs\\Projet Personnel\\IFRI\\HACKATON\\backend\\vendor\\laravel\\framework\\src\\Illuminate\\Foundation\\helpers.php(124): Illuminate\\Foundation\\Application->make('blade.compiler', Array)
#7 Command line code(1): app('Illuminate\\\\View...')
#8 {main}
  thrown at E:\\xampp\\htdocs\\Projet Personnel\\IFRI\\HACKATON\\backend\\vendor\\laravel\\framework\\src\\Illuminate\\View\\Compilers\\Compiler.php:66)
[stacktrace]
#0 {main}
"} 
[2025-04-12 16:03:43] production.ERROR: Uncaught InvalidArgumentException: Please provide a valid cache path. in E:\xampp\htdocs\Projet Personnel\IFRI\HACKATON\backend\vendor\laravel\framework\src\Illuminate\View\Compilers\Compiler.php:66
Stack trace:
#0 E:\xampp\htdocs\Projet Personnel\IFRI\HACKATON\backend\vendor\laravel\framework\src\Illuminate\View\ViewServiceProvider.php(97): Illuminate\View\Compilers\Compiler->__construct(Object(Illuminate\Filesystem\Filesystem), false, '', true, 'php')
#1 E:\xampp\htdocs\Projet Personnel\IFRI\HACKATON\backend\vendor\laravel\framework\src\Illuminate\Container\Container.php(1010): Illuminate\View\ViewServiceProvider->Illuminate\View\{closure}(Object(Illuminate\Foundation\Application), Array)
#2 E:\xampp\htdocs\Projet Personnel\IFRI\HACKATON\backend\vendor\laravel\framework\src\Illuminate\Container\Container.php(890): Illuminate\Container\Container->build(Object(Closure))
#3 E:\xampp\htdocs\Projet Personnel\IFRI\HACKATON\backend\vendor\laravel\framework\src\Illuminate\Foundation\Application.php(1077): Illuminate\Container\Container->resolve('blade.compiler', Array, true)
#4 E:\xampp\htdocs\Projet Personnel\IFRI\HACKATON\backend\vendor\laravel\framework\src\Illuminate\Container\Container.php(821): Illuminate\Foundation\Application->resolve('blade.compiler', Array)
#5 E:\xampp\htdocs\Projet Personnel\IFRI\HACKATON\backend\vendor\laravel\framework\src\Illuminate\Foundation\Application.php(1057): Illuminate\Container\Container->make('blade.compiler', Array)
#6 E:\xampp\htdocs\Projet Personnel\IFRI\HACKATON\backend\vendor\laravel\framework\src\Illuminate\Foundation\helpers.php(124): Illuminate\Foundation\Application->make('blade.compiler', Array)
#7 Command line code(1): app('Illuminate\\View...')
#8 {main}
  thrown {"exception":"[object] (Symfony\\Component\\ErrorHandler\\Error\\FatalError(code: 0): Uncaught InvalidArgumentException: Please provide a valid cache path. in E:\\xampp\\htdocs\\Projet Personnel\\IFRI\\HACKATON\\backend\\vendor\\laravel\\framework\\src\\Illuminate\\View\\Compilers\\Compiler.php:66
Stack trace:
#0 E:\\xampp\\htdocs\\Projet Personnel\\IFRI\\HACKATON\\backend\\vendor\\laravel\\framework\\src\\Illuminate\\View\\ViewServiceProvider.php(97): Illuminate\\View\\Compilers\\Compiler->__construct(Object(Illuminate\\Filesystem\\Filesystem), false, '', true, 'php')
#1 E:\\xampp\\htdocs\\Projet Personnel\\IFRI\\HACKATON\\backend\\vendor\\laravel\\framework\\src\\Illuminate\\Container\\Container.php(1010): Illuminate\\View\\ViewServiceProvider->Illuminate\\View\\{closure}(Object(Illuminate\\Foundation\\Application), Array)
#2 E:\\xampp\\htdocs\\Projet Personnel\\IFRI\\HACKATON\\backend\\vendor\\laravel\\framework\\src\\Illuminate\\Container\\Container.php(890): Illuminate\\Container\\Container->build(Object(Closure))
#3 E:\\xampp\\htdocs\\Projet Personnel\\IFRI\\HACKATON\\backend\\vendor\\laravel\\framework\\src\\Illuminate\\Foundation\\Application.php(1077): Illuminate\\Container\\Container->resolve('blade.compiler', Array, true)
#4 E:\\xampp\\htdocs\\Projet Personnel\\IFRI\\HACKATON\\backend\\vendor\\laravel\\framework\\src\\Illuminate\\Container\\Container.php(821): Illuminate\\Foundation\\Application->resolve('blade.compiler', Array)
#5 E:\\xampp\\htdocs\\Projet Personnel\\IFRI\\HACKATON\\backend\\vendor\\laravel\\framework\\src\\Illuminate\\Foundation\\Application.php(1057): Illuminate\\Container\\Container->make('blade.compiler', Array)
#6 E:\\xampp\\htdocs\\Projet Personnel\\IFRI\\HACKATON\\backend\\vendor\\laravel\\framework\\src\\Illuminate\\Foundation\\helpers.php(124): Illuminate\\Foundation\\Application->make('blade.compiler', Array)
#7 Command line code(1): app('Illuminate\\\\View...')
#8 {main}
  thrown at E:\\xampp\\htdocs\\Projet Personnel\\IFRI\\HACKATON\\backend\\vendor\\laravel\\framework\\src\\Illuminate\\View\\Compilers\\Compiler.php:66)
[stacktrace]
#0 {main}
"} 
[2025-04-12 16:13:43] production.ERROR: Uncaught InvalidArgumentException: Please provide a valid cache path. in E:\xampp\htdocs\Projet Personnel\IFRI\HACKATON\backend\vendor\laravel\framework\src\Illuminate\View\Compilers\Compiler.php:66
Stack trace:
#0 E:\xampp\htdocs\Projet Personnel\IFRI\HACKATON\backend\vendor\laravel\framework\src\Illuminate\View\ViewServiceProvider.php(97): Illuminate\View\Compilers\Compiler->__construct(Object(Illuminate\Filesystem\Filesystem), false, '', true, 'php')
#1 E:\xampp\htdocs\Projet Personnel\IFRI\HACKATON\backend\vendor\laravel\framework\src\Illuminate\Container\Container.php(1010): Illuminate\View\ViewServiceProvider->Illuminate\View\{closure}(Object(Illuminate\Foundation\Application), Array)
#2 E:\xampp\htdocs\Projet Personnel\IFRI\HACKATON\backend\vendor\laravel\framework\src\Illuminate\Container\Container.php(890): Illuminate\Container\Container->build(Object(Closure))
#3 E:\xampp\htdocs\Projet Personnel\IFRI\HACKATON\backend\vendor\laravel\framework\src\Illuminate\Foundation\Application.php(1077): Illuminate\Container\Container->resolve('blade.compiler', Array, true)
#4 E:\xampp\htdocs\Projet Personnel\IFRI\HACKATON\backend\vendor\laravel\framework\src\Illuminate\Container\Container.php(821): Illuminate\Foundation\Application->resolve('blade.compiler', Array)
#5 E:\xampp\htdocs\Projet Personnel\IFRI\HACKATON\backend\vendor\laravel\framework\src\Illuminate\Foundation\Application.php(1057): Illuminate\Container\Container->make('blade.compiler', Array)
#6 E:\xampp\htdocs\Projet Personnel\IFRI\HACKATON\backend\vendor\laravel\framework\src\Illuminate\Foundation\helpers.php(124): Illuminate\Foundation\Application->make('blade.compiler', Array)
#7 Command line code(1): app('Illuminate\\View...')
#8 {main}
  thrown {"exception":"[object] (Symfony\\Component\\ErrorHandler\\Error\\FatalError(code: 0): Uncaught InvalidArgumentException: Please provide a valid cache path. in E:\\xampp\\htdocs\\Projet Personnel\\IFRI\\HACKATON\\backend\\vendor\\laravel\\framework\\src\\Illuminate\\View\\Compilers\\Compiler.php:66
Stack trace:
#0 E:\\xampp\\htdocs\\Projet Personnel\\IFRI\\HACKATON\\backend\\vendor\\laravel\\framework\\src\\Illuminate\\View\\ViewServiceProvider.php(97): Illuminate\\View\\Compilers\\Compiler->__construct(Object(Illuminate\\Filesystem\\Filesystem), false, '', true, 'php')
#1 E:\\xampp\\htdocs\\Projet Personnel\\IFRI\\HACKATON\\backend\\vendor\\laravel\\framework\\src\\Illuminate\\Container\\Container.php(1010): Illuminate\\View\\ViewServiceProvider->Illuminate\\View\\{closure}(Object(Illuminate\\Foundation\\Application), Array)
#2 E:\\xampp\\htdocs\\Projet Personnel\\IFRI\\HACKATON\\backend\\vendor\\laravel\\framework\\src\\Illuminate\\Container\\Container.php(890): Illuminate\\Container\\Container->build(Object(Closure))
#3 E:\\xampp\\htdocs\\Projet Personnel\\IFRI\\HACKATON\\backend\\vendor\\laravel\\framework\\src\\Illuminate\\Foundation\\Application.php(1077): Illuminate\\Container\\Container->resolve('blade.compiler', Array, true)
#4 E:\\xampp\\htdocs\\Projet Personnel\\IFRI\\HACKATON\\backend\\vendor\\laravel\\framework\\src\\Illuminate\\Container\\Container.php(821): Illuminate\\Foundation\\Application->resolve('blade.compiler', Array)
#5 E:\\xampp\\htdocs\\Projet Personnel\\IFRI\\HACKATON\\backend\\vendor\\laravel\\framework\\src\\Illuminate\\Foundation\\Application.php(1057): Illuminate\\Container\\Container->make('blade.compiler', Array)
#6 E:\\xampp\\htdocs\\Projet Personnel\\IFRI\\HACKATON\\backend\\vendor\\laravel\\framework\\src\\Illuminate\\Foundation\\helpers.php(124): Illuminate\\Foundation\\Application->make('blade.compiler', Array)
#7 Command line code(1): app('Illuminate\\\\View...')
#8 {main}
  thrown at E:\\xampp\\htdocs\\Projet Personnel\\IFRI\\HACKATON\\backend\\vendor\\laravel\\framework\\src\\Illuminate\\View\\Compilers\\Compiler.php:66)
[stacktrace]
#0 {main}
"} 
[2025-04-12 16:23:57] production.ERROR: Uncaught InvalidArgumentException: Please provide a valid cache path. in E:\xampp\htdocs\Projet Personnel\IFRI\HACKATON\backend\vendor\laravel\framework\src\Illuminate\View\Compilers\Compiler.php:66
Stack trace:
#0 E:\xampp\htdocs\Projet Personnel\IFRI\HACKATON\backend\vendor\laravel\framework\src\Illuminate\View\ViewServiceProvider.php(97): Illuminate\View\Compilers\Compiler->__construct(Object(Illuminate\Filesystem\Filesystem), false, '', true, 'php')
#1 E:\xampp\htdocs\Projet Personnel\IFRI\HACKATON\backend\vendor\laravel\framework\src\Illuminate\Container\Container.php(1010): Illuminate\View\ViewServiceProvider->Illuminate\View\{closure}(Object(Illuminate\Foundation\Application), Array)
#2 E:\xampp\htdocs\Projet Personnel\IFRI\HACKATON\backend\vendor\laravel\framework\src\Illuminate\Container\Container.php(890): Illuminate\Container\Container->build(Object(Closure))
#3 E:\xampp\htdocs\Projet Personnel\IFRI\HACKATON\backend\vendor\laravel\framework\src\Illuminate\Foundation\Application.php(1077): Illuminate\Container\Container->resolve('blade.compiler', Array, true)
#4 E:\xampp\htdocs\Projet Personnel\IFRI\HACKATON\backend\vendor\laravel\framework\src\Illuminate\Container\Container.php(821): Illuminate\Foundation\Application->resolve('blade.compiler', Array)
#5 E:\xampp\htdocs\Projet Personnel\IFRI\HACKATON\backend\vendor\laravel\framework\src\Illuminate\Foundation\Application.php(1057): Illuminate\Container\Container->make('blade.compiler', Array)
#6 E:\xampp\htdocs\Projet Personnel\IFRI\HACKATON\backend\vendor\laravel\framework\src\Illuminate\Foundation\helpers.php(124): Illuminate\Foundation\Application->make('blade.compiler', Array)
#7 Command line code(1): app('Illuminate\\View...')
#8 {main}
  thrown {"exception":"[object] (Symfony\\Component\\ErrorHandler\\Error\\FatalError(code: 0): Uncaught InvalidArgumentException: Please provide a valid cache path. in E:\\xampp\\htdocs\\Projet Personnel\\IFRI\\HACKATON\\backend\\vendor\\laravel\\framework\\src\\Illuminate\\View\\Compilers\\Compiler.php:66
Stack trace:
#0 E:\\xampp\\htdocs\\Projet Personnel\\IFRI\\HACKATON\\backend\\vendor\\laravel\\framework\\src\\Illuminate\\View\\ViewServiceProvider.php(97): Illuminate\\View\\Compilers\\Compiler->__construct(Object(Illuminate\\Filesystem\\Filesystem), false, '', true, 'php')
#1 E:\\xampp\\htdocs\\Projet Personnel\\IFRI\\HACKATON\\backend\\vendor\\laravel\\framework\\src\\Illuminate\\Container\\Container.php(1010): Illuminate\\View\\ViewServiceProvider->Illuminate\\View\\{closure}(Object(Illuminate\\Foundation\\Application), Array)
#2 E:\\xampp\\htdocs\\Projet Personnel\\IFRI\\HACKATON\\backend\\vendor\\laravel\\framework\\src\\Illuminate\\Container\\Container.php(890): Illuminate\\Container\\Container->build(Object(Closure))
#3 E:\\xampp\\htdocs\\Projet Personnel\\IFRI\\HACKATON\\backend\\vendor\\laravel\\framework\\src\\Illuminate\\Foundation\\Application.php(1077): Illuminate\\Container\\Container->resolve('blade.compiler', Array, true)
#4 E:\\xampp\\htdocs\\Projet Personnel\\IFRI\\HACKATON\\backend\\vendor\\laravel\\framework\\src\\Illuminate\\Container\\Container.php(821): Illuminate\\Foundation\\Application->resolve('blade.compiler', Array)
#5 E:\\xampp\\htdocs\\Projet Personnel\\IFRI\\HACKATON\\backend\\vendor\\laravel\\framework\\src\\Illuminate\\Foundation\\Application.php(1057): Illuminate\\Container\\Container->make('blade.compiler', Array)
#6 E:\\xampp\\htdocs\\Projet Personnel\\IFRI\\HACKATON\\backend\\vendor\\laravel\\framework\\src\\Illuminate\\Foundation\\helpers.php(124): Illuminate\\Foundation\\Application->make('blade.compiler', Array)
#7 Command line code(1): app('Illuminate\\\\View...')
#8 {main}
  thrown at E:\\xampp\\htdocs\\Projet Personnel\\IFRI\\HACKATON\\backend\\vendor\\laravel\\framework\\src\\Illuminate\\View\\Compilers\\Compiler.php:66)
[stacktrace]
#0 {main}
"} 
[2025-04-12 16:33:45] production.ERROR: Uncaught InvalidArgumentException: Please provide a valid cache path. in E:\xampp\htdocs\Projet Personnel\IFRI\HACKATON\backend\vendor\laravel\framework\src\Illuminate\View\Compilers\Compiler.php:66
Stack trace:
#0 E:\xampp\htdocs\Projet Personnel\IFRI\HACKATON\backend\vendor\laravel\framework\src\Illuminate\View\ViewServiceProvider.php(97): Illuminate\View\Compilers\Compiler->__construct(Object(Illuminate\Filesystem\Filesystem), false, '', true, 'php')
#1 E:\xampp\htdocs\Projet Personnel\IFRI\HACKATON\backend\vendor\laravel\framework\src\Illuminate\Container\Container.php(1010): Illuminate\View\ViewServiceProvider->Illuminate\View\{closure}(Object(Illuminate\Foundation\Application), Array)
#2 E:\xampp\htdocs\Projet Personnel\IFRI\HACKATON\backend\vendor\laravel\framework\src\Illuminate\Container\Container.php(890): Illuminate\Container\Container->build(Object(Closure))
#3 E:\xampp\htdocs\Projet Personnel\IFRI\HACKATON\backend\vendor\laravel\framework\src\Illuminate\Foundation\Application.php(1077): Illuminate\Container\Container->resolve('blade.compiler', Array, true)
#4 E:\xampp\htdocs\Projet Personnel\IFRI\HACKATON\backend\vendor\laravel\framework\src\Illuminate\Container\Container.php(821): Illuminate\Foundation\Application->resolve('blade.compiler', Array)
#5 E:\xampp\htdocs\Projet Personnel\IFRI\HACKATON\backend\vendor\laravel\framework\src\Illuminate\Foundation\Application.php(1057): Illuminate\Container\Container->make('blade.compiler', Array)
#6 E:\xampp\htdocs\Projet Personnel\IFRI\HACKATON\backend\vendor\laravel\framework\src\Illuminate\Foundation\helpers.php(124): Illuminate\Foundation\Application->make('blade.compiler', Array)
#7 Command line code(1): app('Illuminate\\View...')
#8 {main}
  thrown {"exception":"[object] (Symfony\\Component\\ErrorHandler\\Error\\FatalError(code: 0): Uncaught InvalidArgumentException: Please provide a valid cache path. in E:\\xampp\\htdocs\\Projet Personnel\\IFRI\\HACKATON\\backend\\vendor\\laravel\\framework\\src\\Illuminate\\View\\Compilers\\Compiler.php:66
Stack trace:
#0 E:\\xampp\\htdocs\\Projet Personnel\\IFRI\\HACKATON\\backend\\vendor\\laravel\\framework\\src\\Illuminate\\View\\ViewServiceProvider.php(97): Illuminate\\View\\Compilers\\Compiler->__construct(Object(Illuminate\\Filesystem\\Filesystem), false, '', true, 'php')
#1 E:\\xampp\\htdocs\\Projet Personnel\\IFRI\\HACKATON\\backend\\vendor\\laravel\\framework\\src\\Illuminate\\Container\\Container.php(1010): Illuminate\\View\\ViewServiceProvider->Illuminate\\View\\{closure}(Object(Illuminate\\Foundation\\Application), Array)
#2 E:\\xampp\\htdocs\\Projet Personnel\\IFRI\\HACKATON\\backend\\vendor\\laravel\\framework\\src\\Illuminate\\Container\\Container.php(890): Illuminate\\Container\\Container->build(Object(Closure))
#3 E:\\xampp\\htdocs\\Projet Personnel\\IFRI\\HACKATON\\backend\\vendor\\laravel\\framework\\src\\Illuminate\\Foundation\\Application.php(1077): Illuminate\\Container\\Container->resolve('blade.compiler', Array, true)
#4 E:\\xampp\\htdocs\\Projet Personnel\\IFRI\\HACKATON\\backend\\vendor\\laravel\\framework\\src\\Illuminate\\Container\\Container.php(821): Illuminate\\Foundation\\Application->resolve('blade.compiler', Array)
#5 E:\\xampp\\htdocs\\Projet Personnel\\IFRI\\HACKATON\\backend\\vendor\\laravel\\framework\\src\\Illuminate\\Foundation\\Application.php(1057): Illuminate\\Container\\Container->make('blade.compiler', Array)
#6 E:\\xampp\\htdocs\\Projet Personnel\\IFRI\\HACKATON\\backend\\vendor\\laravel\\framework\\src\\Illuminate\\Foundation\\helpers.php(124): Illuminate\\Foundation\\Application->make('blade.compiler', Array)
#7 Command line code(1): app('Illuminate\\\\View...')
#8 {main}
  thrown at E:\\xampp\\htdocs\\Projet Personnel\\IFRI\\HACKATON\\backend\\vendor\\laravel\\framework\\src\\Illuminate\\View\\Compilers\\Compiler.php:66)
[stacktrace]
#0 {main}
"} 
[2025-04-12 16:43:43] production.ERROR: Uncaught InvalidArgumentException: Please provide a valid cache path. in E:\xampp\htdocs\Projet Personnel\IFRI\HACKATON\backend\vendor\laravel\framework\src\Illuminate\View\Compilers\Compiler.php:66
Stack trace:
#0 E:\xampp\htdocs\Projet Personnel\IFRI\HACKATON\backend\vendor\laravel\framework\src\Illuminate\View\ViewServiceProvider.php(97): Illuminate\View\Compilers\Compiler->__construct(Object(Illuminate\Filesystem\Filesystem), false, '', true, 'php')
#1 E:\xampp\htdocs\Projet Personnel\IFRI\HACKATON\backend\vendor\laravel\framework\src\Illuminate\Container\Container.php(1010): Illuminate\View\ViewServiceProvider->Illuminate\View\{closure}(Object(Illuminate\Foundation\Application), Array)
#2 E:\xampp\htdocs\Projet Personnel\IFRI\HACKATON\backend\vendor\laravel\framework\src\Illuminate\Container\Container.php(890): Illuminate\Container\Container->build(Object(Closure))
#3 E:\xampp\htdocs\Projet Personnel\IFRI\HACKATON\backend\vendor\laravel\framework\src\Illuminate\Foundation\Application.php(1077): Illuminate\Container\Container->resolve('blade.compiler', Array, true)
#4 E:\xampp\htdocs\Projet Personnel\IFRI\HACKATON\backend\vendor\laravel\framework\src\Illuminate\Container\Container.php(821): Illuminate\Foundation\Application->resolve('blade.compiler', Array)
#5 E:\xampp\htdocs\Projet Personnel\IFRI\HACKATON\backend\vendor\laravel\framework\src\Illuminate\Foundation\Application.php(1057): Illuminate\Container\Container->make('blade.compiler', Array)
#6 E:\xampp\htdocs\Projet Personnel\IFRI\HACKATON\backend\vendor\laravel\framework\src\Illuminate\Foundation\helpers.php(124): Illuminate\Foundation\Application->make('blade.compiler', Array)
#7 Command line code(1): app('Illuminate\\View...')
#8 {main}
  thrown {"exception":"[object] (Symfony\\Component\\ErrorHandler\\Error\\FatalError(code: 0): Uncaught InvalidArgumentException: Please provide a valid cache path. in E:\\xampp\\htdocs\\Projet Personnel\\IFRI\\HACKATON\\backend\\vendor\\laravel\\framework\\src\\Illuminate\\View\\Compilers\\Compiler.php:66
Stack trace:
#0 E:\\xampp\\htdocs\\Projet Personnel\\IFRI\\HACKATON\\backend\\vendor\\laravel\\framework\\src\\Illuminate\\View\\ViewServiceProvider.php(97): Illuminate\\View\\Compilers\\Compiler->__construct(Object(Illuminate\\Filesystem\\Filesystem), false, '', true, 'php')
#1 E:\\xampp\\htdocs\\Projet Personnel\\IFRI\\HACKATON\\backend\\vendor\\laravel\\framework\\src\\Illuminate\\Container\\Container.php(1010): Illuminate\\View\\ViewServiceProvider->Illuminate\\View\\{closure}(Object(Illuminate\\Foundation\\Application), Array)
#2 E:\\xampp\\htdocs\\Projet Personnel\\IFRI\\HACKATON\\backend\\vendor\\laravel\\framework\\src\\Illuminate\\Container\\Container.php(890): Illuminate\\Container\\Container->build(Object(Closure))
#3 E:\\xampp\\htdocs\\Projet Personnel\\IFRI\\HACKATON\\backend\\vendor\\laravel\\framework\\src\\Illuminate\\Foundation\\Application.php(1077): Illuminate\\Container\\Container->resolve('blade.compiler', Array, true)
#4 E:\\xampp\\htdocs\\Projet Personnel\\IFRI\\HACKATON\\backend\\vendor\\laravel\\framework\\src\\Illuminate\\Container\\Container.php(821): Illuminate\\Foundation\\Application->resolve('blade.compiler', Array)
#5 E:\\xampp\\htdocs\\Projet Personnel\\IFRI\\HACKATON\\backend\\vendor\\laravel\\framework\\src\\Illuminate\\Foundation\\Application.php(1057): Illuminate\\Container\\Container->make('blade.compiler', Array)
#6 E:\\xampp\\htdocs\\Projet Personnel\\IFRI\\HACKATON\\backend\\vendor\\laravel\\framework\\src\\Illuminate\\Foundation\\helpers.php(124): Illuminate\\Foundation\\Application->make('blade.compiler', Array)
#7 Command line code(1): app('Illuminate\\\\View...')
#8 {main}
  thrown at E:\\xampp\\htdocs\\Projet Personnel\\IFRI\\HACKATON\\backend\\vendor\\laravel\\framework\\src\\Illuminate\\View\\Compilers\\Compiler.php:66)
[stacktrace]
#0 {main}
"} 
[2025-04-12 19:28:28] production.ERROR: Uncaught InvalidArgumentException: Please provide a valid cache path. in E:\xampp\htdocs\Projet Personnel\IFRI\HACKATON\backend\vendor\laravel\framework\src\Illuminate\View\Compilers\Compiler.php:66
Stack trace:
#0 E:\xampp\htdocs\Projet Personnel\IFRI\HACKATON\backend\vendor\laravel\framework\src\Illuminate\View\ViewServiceProvider.php(97): Illuminate\View\Compilers\Compiler->__construct(Object(Illuminate\Filesystem\Filesystem), false, '', true, 'php')
#1 E:\xampp\htdocs\Projet Personnel\IFRI\HACKATON\backend\vendor\laravel\framework\src\Illuminate\Container\Container.php(1010): Illuminate\View\ViewServiceProvider->Illuminate\View\{closure}(Object(Illuminate\Foundation\Application), Array)
#2 E:\xampp\htdocs\Projet Personnel\IFRI\HACKATON\backend\vendor\laravel\framework\src\Illuminate\Container\Container.php(890): Illuminate\Container\Container->build(Object(Closure))
#3 E:\xampp\htdocs\Projet Personnel\IFRI\HACKATON\backend\vendor\laravel\framework\src\Illuminate\Foundation\Application.php(1077): Illuminate\Container\Container->resolve('blade.compiler', Array, true)
#4 E:\xampp\htdocs\Projet Personnel\IFRI\HACKATON\backend\vendor\laravel\framework\src\Illuminate\Container\Container.php(821): Illuminate\Foundation\Application->resolve('blade.compiler', Array)
#5 E:\xampp\htdocs\Projet Personnel\IFRI\HACKATON\backend\vendor\laravel\framework\src\Illuminate\Foundation\Application.php(1057): Illuminate\Container\Container->make('blade.compiler', Array)
#6 E:\xampp\htdocs\Projet Personnel\IFRI\HACKATON\backend\vendor\laravel\framework\src\Illuminate\Foundation\helpers.php(124): Illuminate\Foundation\Application->make('blade.compiler', Array)
#7 Command line code(1): app('Illuminate\\View...')
#8 {main}
  thrown {"exception":"[object] (Symfony\\Component\\ErrorHandler\\Error\\FatalError(code: 0): Uncaught InvalidArgumentException: Please provide a valid cache path. in E:\\xampp\\htdocs\\Projet Personnel\\IFRI\\HACKATON\\backend\\vendor\\laravel\\framework\\src\\Illuminate\\View\\Compilers\\Compiler.php:66
Stack trace:
#0 E:\\xampp\\htdocs\\Projet Personnel\\IFRI\\HACKATON\\backend\\vendor\\laravel\\framework\\src\\Illuminate\\View\\ViewServiceProvider.php(97): Illuminate\\View\\Compilers\\Compiler->__construct(Object(Illuminate\\Filesystem\\Filesystem), false, '', true, 'php')
#1 E:\\xampp\\htdocs\\Projet Personnel\\IFRI\\HACKATON\\backend\\vendor\\laravel\\framework\\src\\Illuminate\\Container\\Container.php(1010): Illuminate\\View\\ViewServiceProvider->Illuminate\\View\\{closure}(Object(Illuminate\\Foundation\\Application), Array)
#2 E:\\xampp\\htdocs\\Projet Personnel\\IFRI\\HACKATON\\backend\\vendor\\laravel\\framework\\src\\Illuminate\\Container\\Container.php(890): Illuminate\\Container\\Container->build(Object(Closure))
#3 E:\\xampp\\htdocs\\Projet Personnel\\IFRI\\HACKATON\\backend\\vendor\\laravel\\framework\\src\\Illuminate\\Foundation\\Application.php(1077): Illuminate\\Container\\Container->resolve('blade.compiler', Array, true)
#4 E:\\xampp\\htdocs\\Projet Personnel\\IFRI\\HACKATON\\backend\\vendor\\laravel\\framework\\src\\Illuminate\\Container\\Container.php(821): Illuminate\\Foundation\\Application->resolve('blade.compiler', Array)
#5 E:\\xampp\\htdocs\\Projet Personnel\\IFRI\\HACKATON\\backend\\vendor\\laravel\\framework\\src\\Illuminate\\Foundation\\Application.php(1057): Illuminate\\Container\\Container->make('blade.compiler', Array)
#6 E:\\xampp\\htdocs\\Projet Personnel\\IFRI\\HACKATON\\backend\\vendor\\laravel\\framework\\src\\Illuminate\\Foundation\\helpers.php(124): Illuminate\\Foundation\\Application->make('blade.compiler', Array)
#7 Command line code(1): app('Illuminate\\\\View...')
#8 {main}
  thrown at E:\\xampp\\htdocs\\Projet Personnel\\IFRI\\HACKATON\\backend\\vendor\\laravel\\framework\\src\\Illuminate\\View\\Compilers\\Compiler.php:66)
[stacktrace]
#0 {main}
"} 
[2025-04-12 19:38:25] production.ERROR: Uncaught InvalidArgumentException: Please provide a valid cache path. in E:\xampp\htdocs\Projet Personnel\IFRI\HACKATON\backend\vendor\laravel\framework\src\Illuminate\View\Compilers\Compiler.php:66
Stack trace:
#0 E:\xampp\htdocs\Projet Personnel\IFRI\HACKATON\backend\vendor\laravel\framework\src\Illuminate\View\ViewServiceProvider.php(97): Illuminate\View\Compilers\Compiler->__construct(Object(Illuminate\Filesystem\Filesystem), false, '', true, 'php')
#1 E:\xampp\htdocs\Projet Personnel\IFRI\HACKATON\backend\vendor\laravel\framework\src\Illuminate\Container\Container.php(1010): Illuminate\View\ViewServiceProvider->Illuminate\View\{closure}(Object(Illuminate\Foundation\Application), Array)
#2 E:\xampp\htdocs\Projet Personnel\IFRI\HACKATON\backend\vendor\laravel\framework\src\Illuminate\Container\Container.php(890): Illuminate\Container\Container->build(Object(Closure))
#3 E:\xampp\htdocs\Projet Personnel\IFRI\HACKATON\backend\vendor\laravel\framework\src\Illuminate\Foundation\Application.php(1077): Illuminate\Container\Container->resolve('blade.compiler', Array, true)
#4 E:\xampp\htdocs\Projet Personnel\IFRI\HACKATON\backend\vendor\laravel\framework\src\Illuminate\Container\Container.php(821): Illuminate\Foundation\Application->resolve('blade.compiler', Array)
#5 E:\xampp\htdocs\Projet Personnel\IFRI\HACKATON\backend\vendor\laravel\framework\src\Illuminate\Foundation\Application.php(1057): Illuminate\Container\Container->make('blade.compiler', Array)
#6 E:\xampp\htdocs\Projet Personnel\IFRI\HACKATON\backend\vendor\laravel\framework\src\Illuminate\Foundation\helpers.php(124): Illuminate\Foundation\Application->make('blade.compiler', Array)
#7 Command line code(1): app('Illuminate\\View...')
#8 {main}
  thrown {"exception":"[object] (Symfony\\Component\\ErrorHandler\\Error\\FatalError(code: 0): Uncaught InvalidArgumentException: Please provide a valid cache path. in E:\\xampp\\htdocs\\Projet Personnel\\IFRI\\HACKATON\\backend\\vendor\\laravel\\framework\\src\\Illuminate\\View\\Compilers\\Compiler.php:66
Stack trace:
#0 E:\\xampp\\htdocs\\Projet Personnel\\IFRI\\HACKATON\\backend\\vendor\\laravel\\framework\\src\\Illuminate\\View\\ViewServiceProvider.php(97): Illuminate\\View\\Compilers\\Compiler->__construct(Object(Illuminate\\Filesystem\\Filesystem), false, '', true, 'php')
#1 E:\\xampp\\htdocs\\Projet Personnel\\IFRI\\HACKATON\\backend\\vendor\\laravel\\framework\\src\\Illuminate\\Container\\Container.php(1010): Illuminate\\View\\ViewServiceProvider->Illuminate\\View\\{closure}(Object(Illuminate\\Foundation\\Application), Array)
#2 E:\\xampp\\htdocs\\Projet Personnel\\IFRI\\HACKATON\\backend\\vendor\\laravel\\framework\\src\\Illuminate\\Container\\Container.php(890): Illuminate\\Container\\Container->build(Object(Closure))
#3 E:\\xampp\\htdocs\\Projet Personnel\\IFRI\\HACKATON\\backend\\vendor\\laravel\\framework\\src\\Illuminate\\Foundation\\Application.php(1077): Illuminate\\Container\\Container->resolve('blade.compiler', Array, true)
#4 E:\\xampp\\htdocs\\Projet Personnel\\IFRI\\HACKATON\\backend\\vendor\\laravel\\framework\\src\\Illuminate\\Container\\Container.php(821): Illuminate\\Foundation\\Application->resolve('blade.compiler', Array)
#5 E:\\xampp\\htdocs\\Projet Personnel\\IFRI\\HACKATON\\backend\\vendor\\laravel\\framework\\src\\Illuminate\\Foundation\\Application.php(1057): Illuminate\\Container\\Container->make('blade.compiler', Array)
#6 E:\\xampp\\htdocs\\Projet Personnel\\IFRI\\HACKATON\\backend\\vendor\\laravel\\framework\\src\\Illuminate\\Foundation\\helpers.php(124): Illuminate\\Foundation\\Application->make('blade.compiler', Array)
#7 Command line code(1): app('Illuminate\\\\View...')
#8 {main}
  thrown at E:\\xampp\\htdocs\\Projet Personnel\\IFRI\\HACKATON\\backend\\vendor\\laravel\\framework\\src\\Illuminate\\View\\Compilers\\Compiler.php:66)
[stacktrace]
#0 {main}
"} 
[2025-04-12 19:48:24] production.ERROR: Uncaught InvalidArgumentException: Please provide a valid cache path. in E:\xampp\htdocs\Projet Personnel\IFRI\HACKATON\backend\vendor\laravel\framework\src\Illuminate\View\Compilers\Compiler.php:66
Stack trace:
#0 E:\xampp\htdocs\Projet Personnel\IFRI\HACKATON\backend\vendor\laravel\framework\src\Illuminate\View\ViewServiceProvider.php(97): Illuminate\View\Compilers\Compiler->__construct(Object(Illuminate\Filesystem\Filesystem), false, '', true, 'php')
#1 E:\xampp\htdocs\Projet Personnel\IFRI\HACKATON\backend\vendor\laravel\framework\src\Illuminate\Container\Container.php(1010): Illuminate\View\ViewServiceProvider->Illuminate\View\{closure}(Object(Illuminate\Foundation\Application), Array)
#2 E:\xampp\htdocs\Projet Personnel\IFRI\HACKATON\backend\vendor\laravel\framework\src\Illuminate\Container\Container.php(890): Illuminate\Container\Container->build(Object(Closure))
#3 E:\xampp\htdocs\Projet Personnel\IFRI\HACKATON\backend\vendor\laravel\framework\src\Illuminate\Foundation\Application.php(1077): Illuminate\Container\Container->resolve('blade.compiler', Array, true)
#4 E:\xampp\htdocs\Projet Personnel\IFRI\HACKATON\backend\vendor\laravel\framework\src\Illuminate\Container\Container.php(821): Illuminate\Foundation\Application->resolve('blade.compiler', Array)
#5 E:\xampp\htdocs\Projet Personnel\IFRI\HACKATON\backend\vendor\laravel\framework\src\Illuminate\Foundation\Application.php(1057): Illuminate\Container\Container->make('blade.compiler', Array)
#6 E:\xampp\htdocs\Projet Personnel\IFRI\HACKATON\backend\vendor\laravel\framework\src\Illuminate\Foundation\helpers.php(124): Illuminate\Foundation\Application->make('blade.compiler', Array)
#7 Command line code(1): app('Illuminate\\View...')
#8 {main}
  thrown {"exception":"[object] (Symfony\\Component\\ErrorHandler\\Error\\FatalError(code: 0): Uncaught InvalidArgumentException: Please provide a valid cache path. in E:\\xampp\\htdocs\\Projet Personnel\\IFRI\\HACKATON\\backend\\vendor\\laravel\\framework\\src\\Illuminate\\View\\Compilers\\Compiler.php:66
Stack trace:
#0 E:\\xampp\\htdocs\\Projet Personnel\\IFRI\\HACKATON\\backend\\vendor\\laravel\\framework\\src\\Illuminate\\View\\ViewServiceProvider.php(97): Illuminate\\View\\Compilers\\Compiler->__construct(Object(Illuminate\\Filesystem\\Filesystem), false, '', true, 'php')
#1 E:\\xampp\\htdocs\\Projet Personnel\\IFRI\\HACKATON\\backend\\vendor\\laravel\\framework\\src\\Illuminate\\Container\\Container.php(1010): Illuminate\\View\\ViewServiceProvider->Illuminate\\View\\{closure}(Object(Illuminate\\Foundation\\Application), Array)
#2 E:\\xampp\\htdocs\\Projet Personnel\\IFRI\\HACKATON\\backend\\vendor\\laravel\\framework\\src\\Illuminate\\Container\\Container.php(890): Illuminate\\Container\\Container->build(Object(Closure))
#3 E:\\xampp\\htdocs\\Projet Personnel\\IFRI\\HACKATON\\backend\\vendor\\laravel\\framework\\src\\Illuminate\\Foundation\\Application.php(1077): Illuminate\\Container\\Container->resolve('blade.compiler', Array, true)
#4 E:\\xampp\\htdocs\\Projet Personnel\\IFRI\\HACKATON\\backend\\vendor\\laravel\\framework\\src\\Illuminate\\Container\\Container.php(821): Illuminate\\Foundation\\Application->resolve('blade.compiler', Array)
#5 E:\\xampp\\htdocs\\Projet Personnel\\IFRI\\HACKATON\\backend\\vendor\\laravel\\framework\\src\\Illuminate\\Foundation\\Application.php(1057): Illuminate\\Container\\Container->make('blade.compiler', Array)
#6 E:\\xampp\\htdocs\\Projet Personnel\\IFRI\\HACKATON\\backend\\vendor\\laravel\\framework\\src\\Illuminate\\Foundation\\helpers.php(124): Illuminate\\Foundation\\Application->make('blade.compiler', Array)
#7 Command line code(1): app('Illuminate\\\\View...')
#8 {main}
  thrown at E:\\xampp\\htdocs\\Projet Personnel\\IFRI\\HACKATON\\backend\\vendor\\laravel\\framework\\src\\Illuminate\\View\\Compilers\\Compiler.php:66)
[stacktrace]
#0 {main}
"} 
[2025-04-12 19:58:24] production.ERROR: Uncaught InvalidArgumentException: Please provide a valid cache path. in E:\xampp\htdocs\Projet Personnel\IFRI\HACKATON\backend\vendor\laravel\framework\src\Illuminate\View\Compilers\Compiler.php:66
Stack trace:
#0 E:\xampp\htdocs\Projet Personnel\IFRI\HACKATON\backend\vendor\laravel\framework\src\Illuminate\View\ViewServiceProvider.php(97): Illuminate\View\Compilers\Compiler->__construct(Object(Illuminate\Filesystem\Filesystem), false, '', true, 'php')
#1 E:\xampp\htdocs\Projet Personnel\IFRI\HACKATON\backend\vendor\laravel\framework\src\Illuminate\Container\Container.php(1010): Illuminate\View\ViewServiceProvider->Illuminate\View\{closure}(Object(Illuminate\Foundation\Application), Array)
#2 E:\xampp\htdocs\Projet Personnel\IFRI\HACKATON\backend\vendor\laravel\framework\src\Illuminate\Container\Container.php(890): Illuminate\Container\Container->build(Object(Closure))
#3 E:\xampp\htdocs\Projet Personnel\IFRI\HACKATON\backend\vendor\laravel\framework\src\Illuminate\Foundation\Application.php(1077): Illuminate\Container\Container->resolve('blade.compiler', Array, true)
#4 E:\xampp\htdocs\Projet Personnel\IFRI\HACKATON\backend\vendor\laravel\framework\src\Illuminate\Container\Container.php(821): Illuminate\Foundation\Application->resolve('blade.compiler', Array)
#5 E:\xampp\htdocs\Projet Personnel\IFRI\HACKATON\backend\vendor\laravel\framework\src\Illuminate\Foundation\Application.php(1057): Illuminate\Container\Container->make('blade.compiler', Array)
#6 E:\xampp\htdocs\Projet Personnel\IFRI\HACKATON\backend\vendor\laravel\framework\src\Illuminate\Foundation\helpers.php(124): Illuminate\Foundation\Application->make('blade.compiler', Array)
#7 Command line code(1): app('Illuminate\\View...')
#8 {main}
  thrown {"exception":"[object] (Symfony\\Component\\ErrorHandler\\Error\\FatalError(code: 0): Uncaught InvalidArgumentException: Please provide a valid cache path. in E:\\xampp\\htdocs\\Projet Personnel\\IFRI\\HACKATON\\backend\\vendor\\laravel\\framework\\src\\Illuminate\\View\\Compilers\\Compiler.php:66
Stack trace:
#0 E:\\xampp\\htdocs\\Projet Personnel\\IFRI\\HACKATON\\backend\\vendor\\laravel\\framework\\src\\Illuminate\\View\\ViewServiceProvider.php(97): Illuminate\\View\\Compilers\\Compiler->__construct(Object(Illuminate\\Filesystem\\Filesystem), false, '', true, 'php')
#1 E:\\xampp\\htdocs\\Projet Personnel\\IFRI\\HACKATON\\backend\\vendor\\laravel\\framework\\src\\Illuminate\\Container\\Container.php(1010): Illuminate\\View\\ViewServiceProvider->Illuminate\\View\\{closure}(Object(Illuminate\\Foundation\\Application), Array)
#2 E:\\xampp\\htdocs\\Projet Personnel\\IFRI\\HACKATON\\backend\\vendor\\laravel\\framework\\src\\Illuminate\\Container\\Container.php(890): Illuminate\\Container\\Container->build(Object(Closure))
#3 E:\\xampp\\htdocs\\Projet Personnel\\IFRI\\HACKATON\\backend\\vendor\\laravel\\framework\\src\\Illuminate\\Foundation\\Application.php(1077): Illuminate\\Container\\Container->resolve('blade.compiler', Array, true)
#4 E:\\xampp\\htdocs\\Projet Personnel\\IFRI\\HACKATON\\backend\\vendor\\laravel\\framework\\src\\Illuminate\\Container\\Container.php(821): Illuminate\\Foundation\\Application->resolve('blade.compiler', Array)
#5 E:\\xampp\\htdocs\\Projet Personnel\\IFRI\\HACKATON\\backend\\vendor\\laravel\\framework\\src\\Illuminate\\Foundation\\Application.php(1057): Illuminate\\Container\\Container->make('blade.compiler', Array)
#6 E:\\xampp\\htdocs\\Projet Personnel\\IFRI\\HACKATON\\backend\\vendor\\laravel\\framework\\src\\Illuminate\\Foundation\\helpers.php(124): Illuminate\\Foundation\\Application->make('blade.compiler', Array)
#7 Command line code(1): app('Illuminate\\\\View...')
#8 {main}
  thrown at E:\\xampp\\htdocs\\Projet Personnel\\IFRI\\HACKATON\\backend\\vendor\\laravel\\framework\\src\\Illuminate\\View\\Compilers\\Compiler.php:66)
[stacktrace]
#0 {main}
"} 
[2025-04-12 20:08:24] production.ERROR: Uncaught InvalidArgumentException: Please provide a valid cache path. in E:\xampp\htdocs\Projet Personnel\IFRI\HACKATON\backend\vendor\laravel\framework\src\Illuminate\View\Compilers\Compiler.php:66
Stack trace:
#0 E:\xampp\htdocs\Projet Personnel\IFRI\HACKATON\backend\vendor\laravel\framework\src\Illuminate\View\ViewServiceProvider.php(97): Illuminate\View\Compilers\Compiler->__construct(Object(Illuminate\Filesystem\Filesystem), false, '', true, 'php')
#1 E:\xampp\htdocs\Projet Personnel\IFRI\HACKATON\backend\vendor\laravel\framework\src\Illuminate\Container\Container.php(1010): Illuminate\View\ViewServiceProvider->Illuminate\View\{closure}(Object(Illuminate\Foundation\Application), Array)
#2 E:\xampp\htdocs\Projet Personnel\IFRI\HACKATON\backend\vendor\laravel\framework\src\Illuminate\Container\Container.php(890): Illuminate\Container\Container->build(Object(Closure))
#3 E:\xampp\htdocs\Projet Personnel\IFRI\HACKATON\backend\vendor\laravel\framework\src\Illuminate\Foundation\Application.php(1077): Illuminate\Container\Container->resolve('blade.compiler', Array, true)
#4 E:\xampp\htdocs\Projet Personnel\IFRI\HACKATON\backend\vendor\laravel\framework\src\Illuminate\Container\Container.php(821): Illuminate\Foundation\Application->resolve('blade.compiler', Array)
#5 E:\xampp\htdocs\Projet Personnel\IFRI\HACKATON\backend\vendor\laravel\framework\src\Illuminate\Foundation\Application.php(1057): Illuminate\Container\Container->make('blade.compiler', Array)
#6 E:\xampp\htdocs\Projet Personnel\IFRI\HACKATON\backend\vendor\laravel\framework\src\Illuminate\Foundation\helpers.php(124): Illuminate\Foundation\Application->make('blade.compiler', Array)
#7 Command line code(1): app('Illuminate\\View...')
#8 {main}
  thrown {"exception":"[object] (Symfony\\Component\\ErrorHandler\\Error\\FatalError(code: 0): Uncaught InvalidArgumentException: Please provide a valid cache path. in E:\\xampp\\htdocs\\Projet Personnel\\IFRI\\HACKATON\\backend\\vendor\\laravel\\framework\\src\\Illuminate\\View\\Compilers\\Compiler.php:66
Stack trace:
#0 E:\\xampp\\htdocs\\Projet Personnel\\IFRI\\HACKATON\\backend\\vendor\\laravel\\framework\\src\\Illuminate\\View\\ViewServiceProvider.php(97): Illuminate\\View\\Compilers\\Compiler->__construct(Object(Illuminate\\Filesystem\\Filesystem), false, '', true, 'php')
#1 E:\\xampp\\htdocs\\Projet Personnel\\IFRI\\HACKATON\\backend\\vendor\\laravel\\framework\\src\\Illuminate\\Container\\Container.php(1010): Illuminate\\View\\ViewServiceProvider->Illuminate\\View\\{closure}(Object(Illuminate\\Foundation\\Application), Array)
#2 E:\\xampp\\htdocs\\Projet Personnel\\IFRI\\HACKATON\\backend\\vendor\\laravel\\framework\\src\\Illuminate\\Container\\Container.php(890): Illuminate\\Container\\Container->build(Object(Closure))
#3 E:\\xampp\\htdocs\\Projet Personnel\\IFRI\\HACKATON\\backend\\vendor\\laravel\\framework\\src\\Illuminate\\Foundation\\Application.php(1077): Illuminate\\Container\\Container->resolve('blade.compiler', Array, true)
#4 E:\\xampp\\htdocs\\Projet Personnel\\IFRI\\HACKATON\\backend\\vendor\\laravel\\framework\\src\\Illuminate\\Container\\Container.php(821): Illuminate\\Foundation\\Application->resolve('blade.compiler', Array)
#5 E:\\xampp\\htdocs\\Projet Personnel\\IFRI\\HACKATON\\backend\\vendor\\laravel\\framework\\src\\Illuminate\\Foundation\\Application.php(1057): Illuminate\\Container\\Container->make('blade.compiler', Array)
#6 E:\\xampp\\htdocs\\Projet Personnel\\IFRI\\HACKATON\\backend\\vendor\\laravel\\framework\\src\\Illuminate\\Foundation\\helpers.php(124): Illuminate\\Foundation\\Application->make('blade.compiler', Array)
#7 Command line code(1): app('Illuminate\\\\View...')
#8 {main}
  thrown at E:\\xampp\\htdocs\\Projet Personnel\\IFRI\\HACKATON\\backend\\vendor\\laravel\\framework\\src\\Illuminate\\View\\Compilers\\Compiler.php:66)
[stacktrace]
#0 {main}
"} 
[2025-04-12 20:18:25] production.ERROR: Uncaught InvalidArgumentException: Please provide a valid cache path. in E:\xampp\htdocs\Projet Personnel\IFRI\HACKATON\backend\vendor\laravel\framework\src\Illuminate\View\Compilers\Compiler.php:66
Stack trace:
#0 E:\xampp\htdocs\Projet Personnel\IFRI\HACKATON\backend\vendor\laravel\framework\src\Illuminate\View\ViewServiceProvider.php(97): Illuminate\View\Compilers\Compiler->__construct(Object(Illuminate\Filesystem\Filesystem), false, '', true, 'php')
#1 E:\xampp\htdocs\Projet Personnel\IFRI\HACKATON\backend\vendor\laravel\framework\src\Illuminate\Container\Container.php(1010): Illuminate\View\ViewServiceProvider->Illuminate\View\{closure}(Object(Illuminate\Foundation\Application), Array)
#2 E:\xampp\htdocs\Projet Personnel\IFRI\HACKATON\backend\vendor\laravel\framework\src\Illuminate\Container\Container.php(890): Illuminate\Container\Container->build(Object(Closure))
#3 E:\xampp\htdocs\Projet Personnel\IFRI\HACKATON\backend\vendor\laravel\framework\src\Illuminate\Foundation\Application.php(1077): Illuminate\Container\Container->resolve('blade.compiler', Array, true)
#4 E:\xampp\htdocs\Projet Personnel\IFRI\HACKATON\backend\vendor\laravel\framework\src\Illuminate\Container\Container.php(821): Illuminate\Foundation\Application->resolve('blade.compiler', Array)
#5 E:\xampp\htdocs\Projet Personnel\IFRI\HACKATON\backend\vendor\laravel\framework\src\Illuminate\Foundation\Application.php(1057): Illuminate\Container\Container->make('blade.compiler', Array)
#6 E:\xampp\htdocs\Projet Personnel\IFRI\HACKATON\backend\vendor\laravel\framework\src\Illuminate\Foundation\helpers.php(124): Illuminate\Foundation\Application->make('blade.compiler', Array)
#7 Command line code(1): app('Illuminate\\View...')
#8 {main}
  thrown {"exception":"[object] (Symfony\\Component\\ErrorHandler\\Error\\FatalError(code: 0): Uncaught InvalidArgumentException: Please provide a valid cache path. in E:\\xampp\\htdocs\\Projet Personnel\\IFRI\\HACKATON\\backend\\vendor\\laravel\\framework\\src\\Illuminate\\View\\Compilers\\Compiler.php:66
Stack trace:
#0 E:\\xampp\\htdocs\\Projet Personnel\\IFRI\\HACKATON\\backend\\vendor\\laravel\\framework\\src\\Illuminate\\View\\ViewServiceProvider.php(97): Illuminate\\View\\Compilers\\Compiler->__construct(Object(Illuminate\\Filesystem\\Filesystem), false, '', true, 'php')
#1 E:\\xampp\\htdocs\\Projet Personnel\\IFRI\\HACKATON\\backend\\vendor\\laravel\\framework\\src\\Illuminate\\Container\\Container.php(1010): Illuminate\\View\\ViewServiceProvider->Illuminate\\View\\{closure}(Object(Illuminate\\Foundation\\Application), Array)
#2 E:\\xampp\\htdocs\\Projet Personnel\\IFRI\\HACKATON\\backend\\vendor\\laravel\\framework\\src\\Illuminate\\Container\\Container.php(890): Illuminate\\Container\\Container->build(Object(Closure))
#3 E:\\xampp\\htdocs\\Projet Personnel\\IFRI\\HACKATON\\backend\\vendor\\laravel\\framework\\src\\Illuminate\\Foundation\\Application.php(1077): Illuminate\\Container\\Container->resolve('blade.compiler', Array, true)
#4 E:\\xampp\\htdocs\\Projet Personnel\\IFRI\\HACKATON\\backend\\vendor\\laravel\\framework\\src\\Illuminate\\Container\\Container.php(821): Illuminate\\Foundation\\Application->resolve('blade.compiler', Array)
#5 E:\\xampp\\htdocs\\Projet Personnel\\IFRI\\HACKATON\\backend\\vendor\\laravel\\framework\\src\\Illuminate\\Foundation\\Application.php(1057): Illuminate\\Container\\Container->make('blade.compiler', Array)
#6 E:\\xampp\\htdocs\\Projet Personnel\\IFRI\\HACKATON\\backend\\vendor\\laravel\\framework\\src\\Illuminate\\Foundation\\helpers.php(124): Illuminate\\Foundation\\Application->make('blade.compiler', Array)
#7 Command line code(1): app('Illuminate\\\\View...')
#8 {main}
  thrown at E:\\xampp\\htdocs\\Projet Personnel\\IFRI\\HACKATON\\backend\\vendor\\laravel\\framework\\src\\Illuminate\\View\\Compilers\\Compiler.php:66)
[stacktrace]
#0 {main}
"} 
